#
# There is insufficient memory for the Java Runtime Environment to continue.
# Native memory allocation (malloc) failed to allocate 755696 bytes for Chunk::new
# Possible reasons:
#   The system is out of physical RAM or swap space
#   In 32 bit mode, the process size limit was hit
# Possible solutions:
#   Reduce memory load on the system
#   Increase physical memory or swap space
#   Check if swap backing store is full
#   Use 64 bit Java on a 64 bit OS
#   Decrease Java heap size (-Xmx/-Xms)
#   Decrease number of Java threads
#   Decrease Java thread stack sizes (-Xss)
#   Set larger code cache with -XX:ReservedCodeCacheSize=
# This output file may be truncated or incomplete.
#
#  Out of Memory Error (allocation.cpp:390), pid=18964, tid=0x0000000000003840
#
# JRE version: OpenJDK Runtime Environment (8.0_152-b01) (build 1.8.0_152-release-915-b01)
# Java VM: OpenJDK 64-Bit Server VM (25.152-b01 mixed mode windows-amd64 compressed oops)
# Failed to write core dump. Minidumps are not enabled by default on client versions of Windows
#

---------------  T H R E A D  ---------------

Current thread (0x00000000155de800):  JavaThread "C2 CompilerThread1" daemon [_thread_in_native, id=14400, stack(0x0000000016d40000,0x0000000016e40000)]

Stack: [0x0000000016d40000,0x0000000016e40000]
[error occurred during error reporting (printing stack bounds), id 0xc0000005]

Native frames: (J=compiled Java code, j=interpreted, Vv=VM code, C=native code)


Current CompileTask:
C2:   1400  819       4       org.objectweb.asm.ClassReader::a (3587 bytes)


---------------  P R O C E S S  ---------------

Java Threads: ( => current thread )
  0x0000000016e53000 JavaThread "Service Thread" daemon [_thread_blocked, id=20024, stack(0x0000000017340000,0x0000000017440000)]
  0x0000000016e50800 JavaThread "C1 CompilerThread2" daemon [_thread_in_native, id=13404, stack(0x0000000017240000,0x0000000017340000)]
=>0x00000000155de800 JavaThread "C2 CompilerThread1" daemon [_thread_in_native, id=14400, stack(0x0000000016d40000,0x0000000016e40000)]
  0x00000000155db800 JavaThread "C2 CompilerThread0" daemon [_thread_in_native, id=17108, stack(0x0000000016c40000,0x0000000016d40000)]
  0x00000000155eb800 JavaThread "Attach Listener" daemon [_thread_blocked, id=18128, stack(0x0000000016b40000,0x0000000016c40000)]
  0x00000000155ea800 JavaThread "Signal Dispatcher" daemon [_thread_blocked, id=5408, stack(0x0000000016a40000,0x0000000016b40000)]
  0x00000000155c8800 JavaThread "Finalizer" daemon [_thread_blocked, id=17820, stack(0x0000000016840000,0x0000000016940000)]
  0x0000000005275000 JavaThread "Reference Handler" daemon [_thread_blocked, id=15796, stack(0x0000000016740000,0x0000000016840000)]
  0x0000000005184000 JavaThread "main" [_thread_in_vm, id=18744, stack(0x0000000005080000,0x0000000005180000)]

Other Threads:
  0x00000000155a5800 VMThread [stack: 0x0000000016640000,0x0000000016740000] [id=14376]
  0x0000000016e54000 WatcherThread [stack: 0x0000000017440000,0x0000000017540000] [id=18896]

VM state:synchronizing (normal execution)

VM Mutex/Monitor currently owned by a thread:  ([mutex/lock_event])
[0x00000000051809d0] Threads_lock - owner thread: 0x00000000155a5800
[0x00000000051829e0] CompiledIC_lock - owner thread: 0x0000000005184000

Heap:
 PSYoungGen      total 18944K, used 18928K [0x00000000feb00000, 0x0000000100000000, 0x0000000100000000)
  eden space 16384K, 100% used [0x00000000feb00000,0x00000000ffb00000,0x00000000ffb00000)
  from space 2560K, 99% used [0x00000000ffb00000,0x00000000ffd7c020,0x00000000ffd80000)
  to   space 2560K, 0% used [0x00000000ffd80000,0x00000000ffd80000,0x0000000100000000)
 ParOldGen       total 44032K, used 1564K [0x00000000fc000000, 0x00000000feb00000, 0x00000000feb00000)
  object space 44032K, 3% used [0x00000000fc000000,0x00000000fc187380,0x00000000feb00000)
 Metaspace       used 7452K, capacity 7584K, committed 7680K, reserved 1056768K
  class space    used 868K, capacity 956K, committed 1024K, reserved 1048576K

Card table byte_map: [0x0000000003340000,0x0000000003370000] byte_map_base: 0x0000000002b60000

Marking Bits: (ParMarkBitMap*) 0x0000000075643950
 Begin Bits: [0x0000000014a40000, 0x0000000014b40000)
 End Bits:   [0x0000000014b40000, 0x0000000014c40000)

Polling page: 0x0000000003310000

CodeCache: size=245760Kb used=3331Kb max_used=3331Kb free=242428Kb
 bounds [0x0000000005280000, 0x00000000055d0000, 0x0000000014280000]
 total_blobs=1182 nmethods=851 adapters=245
 compilation: enabled

Compilation events (10 events):
Event: 1.397 Thread 0x0000000016e50800  849       3       java.util.SubList::<init> (145 bytes)
Event: 1.397 Thread 0x0000000016e50800 nmethod 849 0x00000000055b1f10 code [0x00000000055b2260, 0x00000000055b3dd8]
Event: 1.397 Thread 0x0000000016e50800  856       3       org.objectweb.asm.MethodWriter::<init> (247 bytes)
Event: 1.398 Thread 0x0000000016e50800 nmethod 856 0x00000000055b0a50 code [0x00000000055b0c80, 0x00000000055b1848]
Event: 1.398 Thread 0x0000000016e50800  851       3       com.google.devtools.build.android.desugar.LambdaDesugaring::visitMethod (206 bytes)
Event: 1.399 Thread 0x00000000155db800  858       4       java.util.ArrayList::get (11 bytes)
Event: 1.399 Thread 0x0000000016e50800 nmethod 851 0x00000000055bd3d0 code [0x00000000055bd6e0, 0x00000000055bf148]
Event: 1.399 Thread 0x0000000016e50800  852       3       com.google.devtools.build.android.desugar.InterfaceDesugaring::visitMethod (301 bytes)
Event: 1.399 Thread 0x00000000155db800 nmethod 858 0x00000000055ada10 code [0x00000000055adb40, 0x00000000055adbf8]
Event: 1.399 Thread 0x00000000155db800  859       4       org.objectweb.asm.ClassReader::readUTF8 (60 bytes)

GC Heap History (2 events):
Event: 0.841 GC heap before
{Heap before GC invocations=1 (full 0):
 PSYoungGen      total 18944K, used 16384K [0x00000000feb00000, 0x0000000100000000, 0x0000000100000000)
  eden space 16384K, 100% used [0x00000000feb00000,0x00000000ffb00000,0x00000000ffb00000)
  from space 2560K, 0% used [0x00000000ffd80000,0x00000000ffd80000,0x0000000100000000)
  to   space 2560K, 0% used [0x00000000ffb00000,0x00000000ffb00000,0x00000000ffd80000)
 ParOldGen       total 44032K, used 0K [0x00000000fc000000, 0x00000000feb00000, 0x00000000feb00000)
  object space 44032K, 0% used [0x00000000fc000000,0x00000000fc000000,0x00000000feb00000)
 Metaspace       used 6484K, capacity 6610K, committed 6784K, reserved 1056768K
  class space    used 769K, capacity 823K, committed 896K, reserved 1048576K
Event: 0.844 GC heap after
Heap after GC invocations=1 (full 0):
 PSYoungGen      total 18944K, used 2544K [0x00000000feb00000, 0x0000000100000000, 0x0000000100000000)
  eden space 16384K, 0% used [0x00000000feb00000,0x00000000feb00000,0x00000000ffb00000)
  from space 2560K, 99% used [0x00000000ffb00000,0x00000000ffd7c020,0x00000000ffd80000)
  to   space 2560K, 0% used [0x00000000ffd80000,0x00000000ffd80000,0x0000000100000000)
 ParOldGen       total 44032K, used 1564K [0x00000000fc000000, 0x00000000feb00000, 0x00000000feb00000)
  object space 44032K, 3% used [0x00000000fc000000,0x00000000fc187380,0x00000000feb00000)
 Metaspace       used 6484K, capacity 6610K, committed 6784K, reserved 1056768K
  class space    used 769K, capacity 823K, committed 896K, reserved 1048576K
}

Deoptimization events (10 events):
Event: 0.799 Thread 0x0000000005184000 Uncommon trap: reason=unstable_if action=reinterpret pc=0x000000000548fce0 method=java.util.zip.ZipCoder.decoder()Ljava/nio/charset/CharsetDecoder; @ 4
Event: 0.799 Thread 0x0000000005184000 Uncommon trap: reason=unstable_if action=reinterpret pc=0x000000000548ef18 method=java.util.zip.ZipEntry.setExtra0([BZ)V @ 1
Event: 0.801 Thread 0x0000000005184000 Uncommon trap: reason=unstable_if action=reinterpret pc=0x0000000005494488 method=java.util.zip.ZipFile$ZipEntryIterator.hasNext()Z @ 25
Event: 0.801 Thread 0x0000000005184000 Uncommon trap: reason=unstable_if action=reinterpret pc=0x000000000548c470 method=java.util.zip.ZipCoder.decoder()Ljava/nio/charset/CharsetDecoder; @ 4
Event: 0.821 Thread 0x0000000005184000 Uncommon trap: reason=unstable_if action=reinterpret pc=0x0000000005493ddc method=java.util.zip.ZipFile$ZipEntryIterator.hasNext()Z @ 25
Event: 0.821 Thread 0x0000000005184000 Uncommon trap: reason=unstable_if action=reinterpret pc=0x00000000054a1768 method=java.util.zip.ZipCoder.decoder()Ljava/nio/charset/CharsetDecoder; @ 4
Event: 0.856 Thread 0x0000000005184000 Uncommon trap: reason=unstable_if action=reinterpret pc=0x000000000549b6fc method=java.util.zip.ZipCoder.decoder()Ljava/nio/charset/CharsetDecoder; @ 4
Event: 1.099 Thread 0x0000000005184000 Uncommon trap: reason=unloaded action=reinterpret pc=0x000000000549d2bc method=java.util.zip.ZipEntry.setExtra0([BZ)V @ 37
Event: 1.388 Thread 0x0000000005184000 Uncommon trap: reason=unstable_if action=reinterpret pc=0x000000000553d2c0 method=java.lang.String.<init>([CII)V @ 18
Event: 1.395 Thread 0x0000000005184000 Uncommon trap: reason=unstable_if action=reinterpret pc=0x00000000055a2aa0 method=org.objectweb.asm.MethodWriter.visitVarInsn(II)V @ 130

Classes redefined (0 events):
No events

Internal exceptions (10 events):
Event: 0.856 Thread 0x0000000005184000 Implicit null exception at 0x000000000549adcc to 0x000000000549b6bd
Event: 0.890 Thread 0x0000000005184000 Exception <a 'sun/nio/fs/WindowsException'> (0x00000000ff159e80) thrown at [D:\src\AOSP-openjdk-cygwin\jdk8u\hotspot\src\share\vm\prims\jni.cpp, line 709]
Event: 0.890 Thread 0x0000000005184000 Exception <a 'sun/nio/fs/WindowsException'> (0x00000000ff15a450) thrown at [D:\src\AOSP-openjdk-cygwin\jdk8u\hotspot\src\share\vm\prims\jni.cpp, line 709]
Event: 0.890 Thread 0x0000000005184000 Exception <a 'sun/nio/fs/WindowsException'> (0x00000000ff15aa28) thrown at [D:\src\AOSP-openjdk-cygwin\jdk8u\hotspot\src\share\vm\prims\jni.cpp, line 709]
Event: 0.890 Thread 0x0000000005184000 Exception <a 'sun/nio/fs/WindowsException'> (0x00000000ff15b1f8) thrown at [D:\src\AOSP-openjdk-cygwin\jdk8u\hotspot\src\share\vm\prims\jni.cpp, line 709]
Event: 0.891 Thread 0x0000000005184000 Exception <a 'sun/nio/fs/WindowsException'> (0x00000000ff15b7a8) thrown at [D:\src\AOSP-openjdk-cygwin\jdk8u\hotspot\src\share\vm\prims\jni.cpp, line 709]
Event: 0.891 Thread 0x0000000005184000 Exception <a 'sun/nio/fs/WindowsException'> (0x00000000ff15bf58) thrown at [D:\src\AOSP-openjdk-cygwin\jdk8u\hotspot\src\share\vm\prims\jni.cpp, line 709]
Event: 0.937 Thread 0x0000000005184000 Exception <a 'sun/nio/fs/WindowsException'> (0x00000000ff161330) thrown at [D:\src\AOSP-openjdk-cygwin\jdk8u\hotspot\src\share\vm\prims\jni.cpp, line 709]
Event: 1.110 Thread 0x0000000005184000 Exception <a 'sun/nio/fs/WindowsException'> (0x00000000ff3d2d78) thrown at [D:\src\AOSP-openjdk-cygwin\jdk8u\hotspot\src\share\vm\prims\jni.cpp, line 709]
Event: 1.110 Thread 0x0000000005184000 Exception <a 'sun/nio/fs/WindowsException'> (0x00000000ff3d32e0) thrown at [D:\src\AOSP-openjdk-cygwin\jdk8u\hotspot\src\share\vm\prims\jni.cpp, line 709]

Events (10 events):
Event: 1.286 loading class org/objectweb/asm/tree/TryCatchBlockNode
Event: 1.286 loading class org/objectweb/asm/tree/TryCatchBlockNode done
Event: 1.287 loading class org/objectweb/asm/Handler
Event: 1.287 loading class org/objectweb/asm/Handler done
Event: 1.388 Thread 0x0000000005184000 Uncommon trap: trap_request=0xffffff65 fr.pc=0x000000000553d2c0
Event: 1.388 Thread 0x0000000005184000 DEOPT PACKING pc=0x000000000553d2c0 sp=0x000000000517eb00
Event: 1.388 Thread 0x0000000005184000 DEOPT UNPACKING pc=0x00000000052c556a sp=0x000000000517e9c0 mode 2
Event: 1.395 Thread 0x0000000005184000 Uncommon trap: trap_request=0xffffff65 fr.pc=0x00000000055a2aa0
Event: 1.395 Thread 0x0000000005184000 DEOPT PACKING pc=0x00000000055a2aa0 sp=0x000000000517ed90
Event: 1.395 Thread 0x0000000005184000 DEOPT UNPACKING pc=0x00000000052c556a sp=0x000000000517ecd8 mode 2


Dynamic libraries:
0x00007ff7154d0000 - 0x00007ff715501000 	C:\Program Files\Android\Android Studio\jre\bin\java.exe
0x00007ffbf8480000 - 0x00007ffbf8660000 	C:\Windows\SYSTEM32\ntdll.dll
0x00007ffbf5950000 - 0x00007ffbf59fe000 	C:\Windows\System32\KERNEL32.DLL
0x00007ffbf4a80000 - 0x00007ffbf4ce6000 	C:\Windows\System32\KERNELBASE.dll
0x00007ffbf5a00000 - 0x00007ffbf5aa1000 	C:\Windows\System32\ADVAPI32.dll
0x00007ffbf8100000 - 0x00007ffbf819d000 	C:\Windows\System32\msvcrt.dll
0x00007ffbf5b90000 - 0x00007ffbf5beb000 	C:\Windows\System32\sechost.dll
0x00007ffbf81a0000 - 0x00007ffbf82bf000 	C:\Windows\System32\RPCRT4.dll
0x00007ffbf82c0000 - 0x00007ffbf844f000 	C:\Windows\System32\USER32.dll
0x00007ffbf55e0000 - 0x00007ffbf5600000 	C:\Windows\System32\win32u.dll
0x00007ffbf75d0000 - 0x00007ffbf75f8000 	C:\Windows\System32\GDI32.dll
0x00007ffbf4cf0000 - 0x00007ffbf4e83000 	C:\Windows\System32\gdi32full.dll
0x00007ffbf49e0000 - 0x00007ffbf4a7b000 	C:\Windows\System32\msvcp_win.dll
0x00007ffbf48e0000 - 0x00007ffbf49d6000 	C:\Windows\System32\ucrtbase.dll
0x00007ffbed0a0000 - 0x00007ffbed309000 	C:\Windows\WinSxS\amd64_microsoft.windows.common-controls_6595b64144ccf1df_6.0.16299.371_none_15c7d1789365a290\COMCTL32.dll
0x00007ffbf7df0000 - 0x00007ffbf80f8000 	C:\Windows\System32\combase.dll
0x00007ffbf5600000 - 0x00007ffbf5672000 	C:\Windows\System32\bcryptPrimitives.dll
0x00007ffbf5b60000 - 0x00007ffbf5b8d000 	C:\Windows\System32\IMM32.DLL
0x0000000074480000 - 0x0000000074552000 	C:\Program Files\Android\Android Studio\jre\jre\bin\msvcr100.dll
0x0000000074e80000 - 0x00000000756be000 	C:\Program Files\Android\Android Studio\jre\jre\bin\server\jvm.dll
0x00007ffbf75c0000 - 0x00007ffbf75c8000 	C:\Windows\System32\PSAPI.DLL
0x00007ffbe78b0000 - 0x00007ffbe78b9000 	C:\Windows\SYSTEM32\WSOCK32.dll
0x00007ffbf7710000 - 0x00007ffbf777c000 	C:\Windows\System32\WS2_32.dll
0x00007ffbf1400000 - 0x00007ffbf1423000 	C:\Windows\SYSTEM32\WINMM.dll
0x00007ffbef450000 - 0x00007ffbef45a000 	C:\Windows\SYSTEM32\VERSION.dll
0x00007ffbf13a0000 - 0x00007ffbf13ca000 	C:\Windows\SYSTEM32\winmmbase.dll
0x00007ffbf5680000 - 0x00007ffbf56ca000 	C:\Windows\System32\cfgmgr32.dll
0x00007ffbe78a0000 - 0x00007ffbe78af000 	C:\Program Files\Android\Android Studio\jre\jre\bin\verify.dll
0x00007ffbe0660000 - 0x00007ffbe0689000 	C:\Program Files\Android\Android Studio\jre\jre\bin\java.dll
0x00007ffbe6c90000 - 0x00007ffbe6ca6000 	C:\Program Files\Android\Android Studio\jre\jre\bin\zip.dll
0x00007ffbf5bf0000 - 0x00007ffbf7026000 	C:\Windows\System32\SHELL32.dll
0x00007ffbf5ab0000 - 0x00007ffbf5b56000 	C:\Windows\System32\shcore.dll
0x00007ffbf4e90000 - 0x00007ffbf55d7000 	C:\Windows\System32\windows.storage.dll
0x00007ffbf7930000 - 0x00007ffbf7981000 	C:\Windows\System32\shlwapi.dll
0x00007ffbf4840000 - 0x00007ffbf4851000 	C:\Windows\System32\kernel.appcore.dll
0x00007ffbf47f0000 - 0x00007ffbf483c000 	C:\Windows\System32\powrprof.dll
0x00007ffbf47d0000 - 0x00007ffbf47eb000 	C:\Windows\System32\profapi.dll
0x00007ffbf4220000 - 0x00007ffbf4237000 	C:\Windows\SYSTEM32\CRYPTSP.dll
0x00007ffbf3c60000 - 0x00007ffbf3c93000 	C:\Windows\system32\rsaenh.dll
0x00007ffbf4330000 - 0x00007ffbf4355000 	C:\Windows\SYSTEM32\bcrypt.dll
0x00007ffbf46d0000 - 0x00007ffbf46f9000 	C:\Windows\SYSTEM32\USERENV.dll
0x00007ffbf4240000 - 0x00007ffbf424b000 	C:\Windows\SYSTEM32\CRYPTBASE.dll
0x00007ffbe6750000 - 0x00007ffbe676a000 	C:\Program Files\Android\Android Studio\jre\jre\bin\net.dll
0x00007ffbf4060000 - 0x00007ffbf40c6000 	C:\Windows\system32\mswsock.dll
0x00007ffbf3df0000 - 0x00007ffbf3e29000 	C:\Windows\SYSTEM32\IPHLPAPI.DLL
0x00007ffbf7270000 - 0x00007ffbf7278000 	C:\Windows\System32\NSI.dll
0x00007ffbefe00000 - 0x00007ffbefe16000 	C:\Windows\SYSTEM32\dhcpcsvc6.DLL
0x00007ffbefaf0000 - 0x00007ffbefb0a000 	C:\Windows\SYSTEM32\dhcpcsvc.DLL
0x00007ffbdf460000 - 0x00007ffbdf471000 	C:\Program Files\Android\Android Studio\jre\jre\bin\nio.dll

VM Arguments:
jvm_args: -Djava.awt.headless=true -Xmx64M -Dfile.encoding=windows-1251 -Duser.country=RU -Duser.language=ru -Duser.variant 
java_command: com.google.devtools.build.android.desugar.Desugar --input C:\iso\WB\WBTest\app\build\intermediates\transforms\stackFramesFixer\debug\0.jar --output C:\iso\WB\WBTest\app\build\intermediates\transforms\desugar\debug\1.jar --input C:\iso\WB\WBTest\app\build\intermediates\transforms\stackFramesFixer\debug\21.jar --output C:\iso\WB\WBTest\app\build\intermediates\transforms\desugar\debug\22.jar --input C:\iso\WB\WBTest\app\build\intermediates\transforms\stackFramesFixer\debug\9.jar --output C:\iso\WB\WBTest\app\build\intermediates\transforms\desugar\debug\10.jar --input C:\iso\WB\WBTest\app\build\intermediates\transforms\stackFramesFixer\debug\15.jar --output C:\iso\WB\WBTest\app\build\intermediates\transforms\desugar\debug\16.jar --input C:\iso\WB\WBTest\app\build\intermediates\transforms\stackFramesFixer\debug\22.jar --output C:\iso\WB\WBTest\app\build\intermediates\transforms\desugar\debug\23.jar --input C:\iso\WB\WBTest\app\build\intermediates\transforms\stackFramesFixer\debug\11.jar --output C:\iso\WB\WBTest\app\build\intermediates\transforms\desugar\debug\12.jar --input C:\iso\WB\WBTest\app\build\intermediates\transforms\stackFramesFixer\debug\10.jar --output C:\iso\WB\WBTest\app\build\intermediates\transforms\desugar\debug\11.jar --classpath_entry C:\iso\WB\WBTest\app\build\intermediates\classes\debug --classpath_entry C:\iso\WB\WBTest\app\build\intermediates\transforms\stackFramesFixer\debug\0.jar --classpath_entry C:\iso\WB\WBTest\app\build\intermediates\transforms\stackFramesFixer\debug\1.jar --classpath_entry C:\iso\WB\WBTest\app\build\intermediates\transforms\stackFramesFixer\debug\2.jar --classpath_entry C:\iso\WB\WBTest\app\build\intermediates\transforms\stackFramesFixer\debug\3.jar --classpath_entry C:\iso\WB\WBTest\app\build\intermediates\transforms\stackFramesFixer\debug\4.jar --classpath_entry C:\iso\WB\WBTest\app\build\intermediates\transforms\stackFramesFixer\debug\5.jar --classpath_entry C:\iso\WB\WBTest\app\build\intermediates\transfo
java_class_path (initial): C:\Users\avetc\AppData\Local\Temp\desugar_deploy.jar1995460772446036950
Launcher Type: SUN_STANDARD

Environment Variables:
JAVA_HOME=C:\Program Files\Java\jdk1.8.0_162
CLASSPATH=.;
PATH=C:\ProgramData\Oracle\Java\javapath;C:\Windows\system32;C:\Windows;C:\Windows\System32\Wbem;C:\Windows\System32\WindowsPowerShell\v1.0\;C:\ProgramData\chocolatey\bin;C:\Program Files (x86)\Common Files\Acronis\VirtualFile\;C:\Program Files (x86)\Common Files\Acronis\VirtualFile64\;C:\Program Files (x86)\Common Files\Acronis\FileProtector\;C:\Program Files (x86)\Common Files\Acronis\FileProtector64\;C:\Program Files (x86)\Common Files\Acronis\SnapAPI\;C:\tools\mysql\mysql-5.7.18-winx64\bin\;C:\Program Files\Java\jdk1.8.0_162\bin;C:\Android\android-sdk\tools;C:\Android\android-sdk\platform-tools;C:\Program Files\Git\cmd;C:\Program Files\PuTTY\;C:\Ruby200\bin;C:\Users\avetc\AppData\Local\Microsoft\WindowsApps;C:\tools\mysql\current\bin;C:\Program Files\Oracle\VirtualBox
USERNAME=avetc
OS=Windows_NT
PROCESSOR_IDENTIFIER=Intel64 Family 6 Model 60 Stepping 3, GenuineIntel



---------------  S Y S T E M  ---------------

OS: Windows 10.0 , 64 bit Build 16299 (10.0.16299.15)

CPU:total 4 (initial active 4) (4 cores per cpu, 1 threads per core) family 6 model 60 stepping 3, cmov, cx8, fxsr, mmx, sse, sse2, sse3, ssse3, sse4.1, sse4.2, popcnt, avx, avx2, aes, clmul, erms, lzcnt, tsc, tscinvbit, bmi1, bmi2

Memory: 4k page, physical 16713644k(4547632k free), swap 22922756k(1296k free)

vm_info: OpenJDK 64-Bit Server VM (25.152-b01) for windows-amd64 JRE (1.8.0_152-release-915-b01), built by "builder" with MS VC++ 10.0 (VS2010)

time: Thu May 24 16:58:25 2018
elapsed time: 1 seconds (0d 0h 0m 1s)

